<?xml version="1.0" encoding="UTF-8"?>
<!-- Generated by org.testng.reporters.JUnitXMLReporter -->
<testsuite hostname="DESKTOP-U4KL3MH" ignored="0" name="Commercial Test" tests="6" failures="0" timestamp="2021-06-17T16:48:28 CEST" time="178.809" errors="0">
  <testcase name="execute" time="20.755" classname="test.RegisterTest"/>
  <testcase name="execute" time="18.543" classname="test.LoginTest"/>
  <testcase name="execute" time="14.112" classname="test.MyAccountTest"/>
  <testcase name="execute" time="67.242" classname="test.DashboardTest"/>
  <testcase name="execute" time="19.568" classname="test.ShoppingCartTest"/>
  <testcase name="execute" time="22.555" classname="test.EmptyShoppingCartTest"/>
</testsuite> <!-- Commercial Test -->
