<?xml version="1.0" encoding="UTF-8"?>
<!-- Generated by org.testng.reporters.JUnitXMLReporter -->
<testsuite hostname="DESKTOP-U4KL3MH" ignored="0" name="Commercial Test" tests="6" failures="0" timestamp="2021-06-13T12:57:13 CEST" time="172.066" errors="0">
  <testcase name="execute" time="19.172" classname="test.RegisterTest"/>
  <testcase name="execute" time="15.873" classname="test.LoginTest"/>
  <testcase name="execute" time="15.681" classname="test.MyAccountTest"/>
  <testcase name="execute" time="71.404" classname="test.DashboardTest"/>
  <testcase name="execute" time="16.377" classname="test.ShoppingCartTest"/>
  <testcase name="execute" time="22.542" classname="test.EmptyShoppingCartTest"/>
</testsuite> <!-- Commercial Test -->
